TeamCode/build/intermediates/manifest_merge_blame_file/debug/manifest-merger-blame-debug-report.txt
1<?xml version="1.0" encoding="utf-8"?>
2<!--
3 Note: the actual manifest file used in your APK merges this file with contributions
4     from the modules on which your app depends (such as FtcRobotController, etc).
5     So it won't ultimately be as empty as it might here appear to be :-)
6-->
7<!-- The package name here determines the package for your R class and your BuildConfig class -->
8<manifest xmlns:android="http://schemas.android.com/apk/res/android"
9    package="com.qualcomm.ftcrobotcontroller"
10    android:versionCode="32"
11    android:versionName="5.0" >
12
13    <uses-sdk
14        android:minSdkVersion="19"
14-->src/main/AndroidManifest.xml
15        android:targetSdkVersion="26" />
15-->src/main/AndroidManifest.xml
16
17    <uses-permission android:name="android.permission.RECEIVE_BOOT_COMPLETED" />
17-->[:FtcRobotController] AndroidManifest.xml:12:5-81
17-->[:FtcRobotController] AndroidManifest.xml:12:22-78
18    <uses-permission
18-->[:RobotCore-release:] AndroidManifest.xml:11:5-13:35
19        android:name="android.permission.ACCESS_WIFI_STATE"
19-->[:RobotCore-release:] AndroidManifest.xml:12:9-60
20        android:required="true" />
20-->[:RobotCore-release:] AndroidManifest.xml:13:9-32
21    <uses-permission
21-->[:RobotCore-release:] AndroidManifest.xml:14:5-16:35
22        android:name="android.permission.CHANGE_WIFI_STATE"
22-->[:RobotCore-release:] AndroidManifest.xml:15:9-60
23        android:required="true" />
23-->[:RobotCore-release:] AndroidManifest.xml:16:9-32
24    <uses-permission android:name="android.permission.BLUETOOTH" />
24-->[:RobotCore-release:] AndroidManifest.xml:17:5-68
24-->[:RobotCore-release:] AndroidManifest.xml:17:22-65
25    <uses-permission
25-->[:RobotCore-release:] AndroidManifest.xml:18:5-20:35
26        android:name="android.permission.ACCESS_NETWORK_STATE"
26-->[:RobotCore-release:] AndroidManifest.xml:19:9-63
27        android:required="true" />
27-->[:RobotCore-release:] AndroidManifest.xml:20:9-32
28    <uses-permission
28-->[:RobotCore-release:] AndroidManifest.xml:21:5-23:35
29        android:name="android.permission.CHANGE_NETWORK_STATE"
29-->[:RobotCore-release:] AndroidManifest.xml:22:9-63
30        android:required="true" />
30-->[:RobotCore-release:] AndroidManifest.xml:23:9-32
31    <uses-permission
31-->[:RobotCore-release:] AndroidManifest.xml:24:5-26:35
32        android:name="android.permission.INTERNET"
32-->[:RobotCore-release:] AndroidManifest.xml:25:9-51
33        android:required="true" /> <!-- Classified as Dangerous Permission in SDK 26 -->
33-->[:RobotCore-release:] AndroidManifest.xml:26:9-32
34    <uses-permission
34-->[:RobotCore-release:] AndroidManifest.xml:29:5-31:35
35        android:name="android.permission.WRITE_EXTERNAL_STORAGE"
35-->[:RobotCore-release:] AndroidManifest.xml:30:9-65
36        android:required="true" /> <!-- Classified as Dangerous Permission in SDK 26 -->
36-->[:RobotCore-release:] AndroidManifest.xml:31:9-32
37    <uses-permission
37-->[:RobotCore-release:] AndroidManifest.xml:33:5-35:35
38        android:name="android.permission.READ_EXTERNAL_STORAGE"
38-->[:RobotCore-release:] AndroidManifest.xml:34:9-64
39        android:required="true" /> <!-- Classified as System Permission in SDK 26 -->
39-->[:RobotCore-release:] AndroidManifest.xml:35:9-32
40    <uses-permission
40-->[:RobotCore-release:] AndroidManifest.xml:38:5-40:35
41        android:name="android.permission.WRITE_SETTINGS"
41-->[:RobotCore-release:] AndroidManifest.xml:39:9-57
42        android:required="true" /> <!-- see AppUtil.setTimeZone() -->
42-->[:RobotCore-release:] AndroidManifest.xml:40:9-32
43    <uses-permission
43-->[:RobotCore-release:] AndroidManifest.xml:43:5-45:35
44        android:name="android.permission.SET_TIME_ZONE"
44-->[:RobotCore-release:] AndroidManifest.xml:44:9-56
45        android:required="true" />
45-->[:RobotCore-release:] AndroidManifest.xml:45:9-32
46    <!--
47  Note: we suspect that this (android.permission.WAKE_LOCK) is no
48  longer needed, but haven't yet found the time necessary to verify
49  that assertion before removing it
50    -->
51    <uses-permission
51-->[:RobotCore-release:] AndroidManifest.xml:52:5-54:35
52        android:name="android.permission.WAKE_LOCK"
52-->[:RobotCore-release:] AndroidManifest.xml:53:9-52
53        android:required="true" />
53-->[:RobotCore-release:] AndroidManifest.xml:54:9-32
54    <uses-permission android:name="android.permission.CAMERA" />
54-->[:RobotCore-release:] AndroidManifest.xml:55:5-65
54-->[:RobotCore-release:] AndroidManifest.xml:55:22-62
55    <uses-permission android:name="android.permission.ACCESS_COARSE_LOCATION" />
55-->[:RobotCore-release:] AndroidManifest.xml:56:5-81
55-->[:RobotCore-release:] AndroidManifest.xml:56:22-78
56    <uses-permission
56-->[:RobotCore-release:] AndroidManifest.xml:57:5-59:35
57        android:name="com.revrobotics.permission.UPDATE_CONTROL_HUB"
57-->[:RobotCore-release:] AndroidManifest.xml:58:9-69
58        android:required="true" />
58-->[:RobotCore-release:] AndroidManifest.xml:59:9-32
59
60    <uses-feature android:name="android.hardware.usb.accessory" />
60-->[:RobotCore-release:] AndroidManifest.xml:61:5-67
60-->[:RobotCore-release:] AndroidManifest.xml:61:19-64
61    <uses-feature android:glEsVersion="0x00020000" />
61-->[:RobotCore-release:] AndroidManifest.xml:62:5-54
61-->[:RobotCore-release:] AndroidManifest.xml:62:19-51
62    <!--
63        NOTE: Any application that requests the CAMERA permission but does not
64        declare any camera features with the <uses-feature> element will be
65        assumed to use all camera features (auto-focus and flash). Thus, the
66        application will not be compatible with devices that do not support
67        all camera features. We use <uses-feature> to declare only the
68        camera features that our application does need. For instance, if you
69        request the CAMERA permission, but you do not need auto-focus or
70        flash, then declare only the android.hardware.camera feature. The
71        other camera features that you do not request will no longer be
72        assumed as required.
73    -->
74    <uses-feature android:name="android.hardware.camera" />
74-->[:RobotCore-release:] AndroidManifest.xml:76:5-60
74-->[:RobotCore-release:] AndroidManifest.xml:76:19-57
75
76    <uses-permission android:name="android.permission.READ_PHONE_STATE" />
77    <uses-permission android:name="android.permission.BLUETOOTH_ADMIN" />
77-->[:Inspection-release:] AndroidManifest.xml:12:5-74
77-->[:Inspection-release:] AndroidManifest.xml:12:22-71
78
79    <application
79-->src/main/AndroidManifest.xml:11:5-19
80        android:name="org.firstinspires.ftc.robotcore.internal.system.RobotApplication"
80-->[:RobotCore-release:] AndroidManifest.xml:78:18-97
81        android:allowBackup="true"
81-->[:FtcRobotController] AndroidManifest.xml:15:9-35
82        android:appComponentFactory="android.support.v4.app.CoreComponentFactory"
82-->[com.android.support:support-compat:28.0.0] AndroidManifest.xml:22:18-91
83        android:debuggable="true"
84        android:icon="@drawable/ic_launcher"
84-->[:FtcRobotController] AndroidManifest.xml:16:9-45
85        android:label="@string/app_name"
85-->[:FtcRobotController] AndroidManifest.xml:17:9-41
86        android:largeHeap="true"
86-->[:FtcRobotController] AndroidManifest.xml:18:9-33
87        android:testOnly="true"
88        android:theme="@style/AppThemeRedRC" > <!-- Indicates to the ControlHubUpdater what the latest version of the Control Hub is that this app supports -->
88-->[:FtcRobotController] AndroidManifest.xml:19:9-45
89        <meta-data
89-->[:FtcRobotController] AndroidManifest.xml:22:9-24:33
90            android:name="org.firstinspires.latestSupportedControlHubVersion"
90-->[:FtcRobotController] AndroidManifest.xml:23:13-78
91            android:value="1" /> <!-- The main robot controller activity -->
91-->[:FtcRobotController] AndroidManifest.xml:24:13-30
92        <activity
92-->[:FtcRobotController] AndroidManifest.xml:27:9-38:20
93            android:name="org.firstinspires.ftc.robotcontroller.internal.PermissionValidatorWrapper"
93-->[:FtcRobotController] AndroidManifest.xml:28:13-101
94            android:configChanges="orientation|screenSize"
94-->[:FtcRobotController] AndroidManifest.xml:29:13-59
95            android:label="@string/app_name"
95-->[:FtcRobotController] AndroidManifest.xml:30:13-45
96            android:launchMode="singleTask"
96-->[:FtcRobotController] AndroidManifest.xml:31:13-44
97            android:screenOrientation="fullUser" >
97-->[:FtcRobotController] AndroidManifest.xml:32:13-49
98            <intent-filter>
98-->[:FtcRobotController] AndroidManifest.xml:33:13-37:29
99                <category android:name="android.intent.category.LAUNCHER" />
99-->[:FtcRobotController] AndroidManifest.xml:34:17-77
99-->[:FtcRobotController] AndroidManifest.xml:34:27-74
100
101                <action android:name="android.intent.action.MAIN" />
101-->[:FtcRobotController] AndroidManifest.xml:36:17-69
101-->[:FtcRobotController] AndroidManifest.xml:36:25-66
102            </intent-filter>
103        </activity>
104        <activity
104-->[:FtcRobotController] AndroidManifest.xml:39:9-57:20
105            android:name="org.firstinspires.ftc.robotcontroller.internal.FtcRobotControllerActivity"
105-->[:FtcRobotController] AndroidManifest.xml:40:13-101
106            android:configChanges="orientation|screenSize"
106-->[:FtcRobotController] AndroidManifest.xml:41:13-59
107            android:label="@string/app_name"
107-->[:FtcRobotController] AndroidManifest.xml:42:13-45
108            android:launchMode="singleTask"
108-->[:FtcRobotController] AndroidManifest.xml:43:13-44
109            android:screenOrientation="fullUser" >
109-->[:FtcRobotController] AndroidManifest.xml:44:13-49
110            <intent-filter>
110-->[:FtcRobotController] AndroidManifest.xml:45:13-47:29
111                <action android:name="android.hardware.usb.action.USB_DEVICE_ATTACHED" />
111-->[:FtcRobotController] AndroidManifest.xml:46:17-90
111-->[:FtcRobotController] AndroidManifest.xml:46:25-87
112            </intent-filter>
113
114            <meta-data
114-->[:FtcRobotController] AndroidManifest.xml:49:13-51:57
115                android:name="android.hardware.usb.action.USB_DEVICE_ATTACHED"
115-->[:FtcRobotController] AndroidManifest.xml:50:17-79
116                android:resource="@xml/device_filter" />
116-->[:FtcRobotController] AndroidManifest.xml:51:17-54
117
118            <!-- org.firstinspires.main.entry indicates that this app is compatible with the Dragonboard Control Hub -->
119            <meta-data
119-->[:FtcRobotController] AndroidManifest.xml:54:13-56:40
120                android:name="org.firstinspires.main.entry"
120-->[:FtcRobotController] AndroidManifest.xml:55:17-60
121                android:value="true" />
121-->[:FtcRobotController] AndroidManifest.xml:56:17-37
122        </activity> <!-- The robot controller service in which most of the robot functionality is managed -->
123        <service
123-->[:FtcRobotController] AndroidManifest.xml:60:9-62:38
124            android:name="com.qualcomm.ftccommon.FtcRobotControllerService"
124-->[:FtcRobotController] AndroidManifest.xml:61:13-76
125            android:enabled="true" /> <!-- Service that keeps desktop folders up to date with respect to actual phone file system contents -->
125-->[:FtcRobotController] AndroidManifest.xml:62:13-35
126        <service
126-->[:RobotCore-release:] AndroidManifest.xml:81:9-83:38
127            android:name="org.firstinspires.ftc.robotcore.internal.files.MediaTransferProtocolMonitorService"
127-->[:RobotCore-release:] AndroidManifest.xml:82:13-110
128            android:enabled="true" />
128-->[:RobotCore-release:] AndroidManifest.xml:83:13-35
129
130        <meta-data
130-->[:RobotCore-release:] AndroidManifest.xml:85:9-87:41
131            android:name="autoStartService.org.firstinspires.ftc.robotcore.internal.files.MediaTransferProtocolMonitorService"
131-->[:RobotCore-release:] AndroidManifest.xml:86:13-127
132            android:value="BOTH|1000" /> <!-- Service that provides build services for OnBotJava -->
132-->[:RobotCore-release:] AndroidManifest.xml:87:13-38
133        <service
133-->[:RobotCore-release:] AndroidManifest.xml:90:9-92:38
134            android:name="org.firstinspires.ftc.onbotjava.OnBotJavaService"
134-->[:RobotCore-release:] AndroidManifest.xml:91:13-76
135            android:enabled="true" />
135-->[:RobotCore-release:] AndroidManifest.xml:92:13-35
136
137        <meta-data
137-->[:RobotCore-release:] AndroidManifest.xml:94:9-96:39
138            android:name="autoStartService.org.firstinspires.ftc.onbotjava.OnBotJavaService"
138-->[:RobotCore-release:] AndroidManifest.xml:95:13-93
139            android:value="RC|2000" />
139-->[:RobotCore-release:] AndroidManifest.xml:96:13-36
140
141        <receiver
141-->[:RobotCore-release:] AndroidManifest.xml:98:9-105:20
142            android:name="org.firstinspires.ftc.robotserver.internal.webserver.controlhubupdater.ChUpdaterCommManager$ChUpdaterBroadcastReceiver"
142-->[:RobotCore-release:] AndroidManifest.xml:99:13-146
143            android:exported="true"
143-->[:RobotCore-release:] AndroidManifest.xml:100:13-36
144            android:permission="android.permission.INSTALL_PACKAGES" >
144-->[:RobotCore-release:] AndroidManifest.xml:101:13-69
145            <intent-filter>
145-->[:RobotCore-release:] AndroidManifest.xml:102:13-104:29
146                <action android:name="com.revrobotics.controlhubupdater.broadcast.RESULT_BROADCAST" />
146-->[:RobotCore-release:] AndroidManifest.xml:103:17-103
146-->[:RobotCore-release:] AndroidManifest.xml:103:25-100
147            </intent-filter>
148        </receiver>
149
150        <activity
150-->[:FtcCommon-release:] AndroidManifest.xml:26:9-30:20
151            android:name="com.qualcomm.ftccommon.FtcRobotControllerSettingsActivity"
151-->[:FtcCommon-release:] AndroidManifest.xml:27:13-85
152            android:exported="true"
152-->[:FtcCommon-release:] AndroidManifest.xml:28:13-36
153            android:label="@string/settings_activity" >
153-->[:FtcCommon-release:] AndroidManifest.xml:29:13-54
154        </activity>
155        <activity
155-->[:FtcCommon-release:] AndroidManifest.xml:31:9-36:20
156            android:name="com.qualcomm.ftccommon.configuration.FtcLoadFileActivity"
156-->[:FtcCommon-release:] AndroidManifest.xml:32:13-84
157            android:configChanges="orientation|screenSize"
157-->[:FtcCommon-release:] AndroidManifest.xml:33:13-59
158            android:exported="true"
158-->[:FtcCommon-release:] AndroidManifest.xml:34:13-36
159            android:label="@string/configure_activity" >
159-->[:FtcCommon-release:] AndroidManifest.xml:35:13-55
160        </activity>
161        <activity
161-->[:FtcCommon-release:] AndroidManifest.xml:37:9-42:20
162            android:name="com.qualcomm.ftccommon.configuration.ConfigureFromTemplateActivity"
162-->[:FtcCommon-release:] AndroidManifest.xml:38:13-94
163            android:configChanges="orientation|screenSize"
163-->[:FtcCommon-release:] AndroidManifest.xml:39:13-59
164            android:exported="true"
164-->[:FtcCommon-release:] AndroidManifest.xml:40:13-36
165            android:label="@string/title_activity_configfromtemplate" >
165-->[:FtcCommon-release:] AndroidManifest.xml:41:13-70
166        </activity>
167        <activity
167-->[:FtcCommon-release:] AndroidManifest.xml:43:9-48:20
168            android:name="com.qualcomm.ftccommon.ViewLogsActivity"
168-->[:FtcCommon-release:] AndroidManifest.xml:44:13-67
169            android:configChanges="orientation|screenSize"
169-->[:FtcCommon-release:] AndroidManifest.xml:45:13-59
170            android:exported="true"
170-->[:FtcCommon-release:] AndroidManifest.xml:46:13-36
171            android:label="@string/view_logs_activity" >
171-->[:FtcCommon-release:] AndroidManifest.xml:47:13-55
172        </activity>
173        <activity
173-->[:FtcCommon-release:] AndroidManifest.xml:49:9-53:20
174            android:name="com.qualcomm.ftccommon.configuration.FtcConfigurationActivity"
174-->[:FtcCommon-release:] AndroidManifest.xml:50:13-89
175            android:configChanges="orientation|screenSize"
175-->[:FtcCommon-release:] AndroidManifest.xml:51:13-59
176            android:label="@string/app_name" >
176-->[:FtcCommon-release:] AndroidManifest.xml:52:13-45
177        </activity>
178        <activity
178-->[:FtcCommon-release:] AndroidManifest.xml:54:9-58:20
179            android:name="com.qualcomm.ftccommon.configuration.FtcNewFileActivity"
179-->[:FtcCommon-release:] AndroidManifest.xml:55:13-83
180            android:configChanges="orientation|screenSize"
180-->[:FtcCommon-release:] AndroidManifest.xml:56:13-59
181            android:label="@string/app_name" >
181-->[:FtcCommon-release:] AndroidManifest.xml:57:13-45
182        </activity>
183        <activity
183-->[:FtcCommon-release:] AndroidManifest.xml:59:9-62:73
184            android:name="com.qualcomm.ftccommon.ConfigWifiDirectActivity"
184-->[:FtcCommon-release:] AndroidManifest.xml:60:13-75
185            android:exported="true"
185-->[:FtcCommon-release:] AndroidManifest.xml:61:13-36
186            android:label="@string/title_activity_config_wifi_direct" />
186-->[:FtcCommon-release:] AndroidManifest.xml:62:13-70
187        <activity
187-->[:FtcCommon-release:] AndroidManifest.xml:63:9-67:20
188            android:name="com.qualcomm.ftccommon.FtcAdvancedRCSettingsActivity"
188-->[:FtcCommon-release:] AndroidManifest.xml:64:13-80
189            android:exported="true"
189-->[:FtcCommon-release:] AndroidManifest.xml:65:13-36
190            android:label="@string/titleAdvancedRCSettings" >
190-->[:FtcCommon-release:] AndroidManifest.xml:66:13-60
191        </activity>
192        <activity
192-->[:FtcCommon-release:] AndroidManifest.xml:68:9-71:20
193            android:name="com.qualcomm.ftccommon.FtcLynxFirmwareUpdateActivity"
193-->[:FtcCommon-release:] AndroidManifest.xml:69:13-80
194            android:exported="true" >
194-->[:FtcCommon-release:] AndroidManifest.xml:70:13-36
195        </activity>
196        <activity
196-->[:FtcCommon-release:] AndroidManifest.xml:72:9-75:20
197            android:name="com.qualcomm.ftccommon.FtcLynxModuleAddressUpdateActivity"
197-->[:FtcCommon-release:] AndroidManifest.xml:73:13-85
198            android:exported="true" >
198-->[:FtcCommon-release:] AndroidManifest.xml:74:13-36
199        </activity>
200        <activity
200-->[:FtcCommon-release:] AndroidManifest.xml:76:9-80:20
201            android:name="com.qualcomm.ftccommon.FtcWifiDirectChannelSelectorActivity"
201-->[:FtcCommon-release:] AndroidManifest.xml:77:13-87
202            android:exported="true"
202-->[:FtcCommon-release:] AndroidManifest.xml:78:13-36
203            android:label="@string/title_activity_wifi_channel_selector" >
203-->[:FtcCommon-release:] AndroidManifest.xml:79:13-73
204        </activity>
205        <activity
205-->[:FtcCommon-release:] AndroidManifest.xml:81:9-85:20
206            android:name="com.qualcomm.ftccommon.FtcWifiDirectRememberedGroupsActivity"
206-->[:FtcCommon-release:] AndroidManifest.xml:82:13-88
207            android:exported="true"
207-->[:FtcCommon-release:] AndroidManifest.xml:83:13-36
208            android:label="@string/title_activity_wifi_remembered_groups_editor" >
208-->[:FtcCommon-release:] AndroidManifest.xml:84:13-81
209        </activity>
210        <activity
210-->[:FtcCommon-release:] AndroidManifest.xml:86:9-89:20
211            android:name="com.qualcomm.ftccommon.AboutActivity"
211-->[:FtcCommon-release:] AndroidManifest.xml:87:13-64
212            android:label="@string/about_activity" >
212-->[:FtcCommon-release:] AndroidManifest.xml:88:13-51
213        </activity>
214        <activity
214-->[:FtcCommon-release:] AndroidManifest.xml:90:9-93:20
215            android:name="com.qualcomm.ftccommon.FtcAboutActivity"
215-->[:FtcCommon-release:] AndroidManifest.xml:91:13-67
216            android:label="@string/ftc_about_activity" >
216-->[:FtcCommon-release:] AndroidManifest.xml:92:13-55
217        </activity>
218        <activity
218-->[:FtcCommon-release:] AndroidManifest.xml:94:9-99:20
219            android:name="com.qualcomm.ftccommon.configuration.EditSwapUsbDevices"
219-->[:FtcCommon-release:] AndroidManifest.xml:95:13-83
220            android:configChanges="orientation|screenSize"
220-->[:FtcCommon-release:] AndroidManifest.xml:96:13-59
221            android:label="@string/edit_swap_devices_activity"
221-->[:FtcCommon-release:] AndroidManifest.xml:97:13-63
222            android:windowSoftInputMode="stateHidden" >
222-->[:FtcCommon-release:] AndroidManifest.xml:98:13-54
223        </activity>
224        <activity
224-->[:FtcCommon-release:] AndroidManifest.xml:100:9-105:20
225            android:name="com.qualcomm.ftccommon.configuration.EditMotorControllerActivity"
225-->[:FtcCommon-release:] AndroidManifest.xml:101:13-92
226            android:configChanges="orientation|screenSize"
226-->[:FtcCommon-release:] AndroidManifest.xml:102:13-59
227            android:label="@string/edit_motor_controller_activity"
227-->[:FtcCommon-release:] AndroidManifest.xml:103:13-67
228            android:windowSoftInputMode="stateHidden" >
228-->[:FtcCommon-release:] AndroidManifest.xml:104:13-54
229        </activity>
230        <activity
230-->[:FtcCommon-release:] AndroidManifest.xml:106:9-111:20
231            android:name="com.qualcomm.ftccommon.configuration.EditLegacyMotorControllerActivity"
231-->[:FtcCommon-release:] AndroidManifest.xml:107:13-98
232            android:configChanges="orientation|screenSize"
232-->[:FtcCommon-release:] AndroidManifest.xml:108:13-59
233            android:label="@string/edit_motor_controller_activity"
233-->[:FtcCommon-release:] AndroidManifest.xml:109:13-67
234            android:windowSoftInputMode="stateHidden" >
234-->[:FtcCommon-release:] AndroidManifest.xml:110:13-54
235        </activity>
236        <activity
236-->[:FtcCommon-release:] AndroidManifest.xml:112:9-117:20
237            android:name="com.qualcomm.ftccommon.configuration.EditMotorListActivity"
237-->[:FtcCommon-release:] AndroidManifest.xml:113:13-86
238            android:configChanges="orientation|screenSize"
238-->[:FtcCommon-release:] AndroidManifest.xml:114:13-59
239            android:label="@string/edit_motor_controller_activity"
239-->[:FtcCommon-release:] AndroidManifest.xml:115:13-67
240            android:windowSoftInputMode="stateHidden" >
240-->[:FtcCommon-release:] AndroidManifest.xml:116:13-54
241        </activity>
242        <activity
242-->[:FtcCommon-release:] AndroidManifest.xml:118:9-123:20
243            android:name="com.qualcomm.ftccommon.configuration.EditServoControllerActivity"
243-->[:FtcCommon-release:] AndroidManifest.xml:119:13-92
244            android:configChanges="orientation|screenSize"
244-->[:FtcCommon-release:] AndroidManifest.xml:120:13-59
245            android:label="@string/edit_servo_controller_activity"
245-->[:FtcCommon-release:] AndroidManifest.xml:121:13-67
246            android:windowSoftInputMode="stateHidden|adjustResize" >
246-->[:FtcCommon-release:] AndroidManifest.xml:122:13-67
247        </activity>
248        <activity
248-->[:FtcCommon-release:] AndroidManifest.xml:124:9-129:20
249            android:name="com.qualcomm.ftccommon.configuration.EditLegacyServoControllerActivity"
249-->[:FtcCommon-release:] AndroidManifest.xml:125:13-98
250            android:configChanges="orientation|screenSize"
250-->[:FtcCommon-release:] AndroidManifest.xml:126:13-59
251            android:label="@string/edit_servo_controller_activity"
251-->[:FtcCommon-release:] AndroidManifest.xml:127:13-67
252            android:windowSoftInputMode="stateHidden|adjustResize" >
252-->[:FtcCommon-release:] AndroidManifest.xml:128:13-67
253        </activity>
254        <activity
254-->[:FtcCommon-release:] AndroidManifest.xml:130:9-135:20
255            android:name="com.qualcomm.ftccommon.configuration.EditServoListActivity"
255-->[:FtcCommon-release:] AndroidManifest.xml:131:13-86
256            android:configChanges="orientation|screenSize"
256-->[:FtcCommon-release:] AndroidManifest.xml:132:13-59
257            android:label="@string/edit_servo_controller_activity"
257-->[:FtcCommon-release:] AndroidManifest.xml:133:13-67
258            android:windowSoftInputMode="stateHidden|adjustResize" >
258-->[:FtcCommon-release:] AndroidManifest.xml:134:13-67
259        </activity>
260        <activity
260-->[:FtcCommon-release:] AndroidManifest.xml:136:9-141:20
261            android:name="com.qualcomm.ftccommon.configuration.EditLegacyModuleControllerActivity"
261-->[:FtcCommon-release:] AndroidManifest.xml:137:13-99
262            android:configChanges="orientation|screenSize"
262-->[:FtcCommon-release:] AndroidManifest.xml:138:13-59
263            android:label="@string/edit_legacy_module_controller_activity"
263-->[:FtcCommon-release:] AndroidManifest.xml:139:13-75
264            android:windowSoftInputMode="stateHidden|adjustResize" >
264-->[:FtcCommon-release:] AndroidManifest.xml:140:13-67
265        </activity>
266        <activity
266-->[:FtcCommon-release:] AndroidManifest.xml:142:9-147:20
267            android:name="com.qualcomm.ftccommon.configuration.EditMatrixControllerActivity"
267-->[:FtcCommon-release:] AndroidManifest.xml:143:13-93
268            android:configChanges="orientation|screenSize"
268-->[:FtcCommon-release:] AndroidManifest.xml:144:13-59
269            android:label="@string/edit_matrix_controller_activity"
269-->[:FtcCommon-release:] AndroidManifest.xml:145:13-68
270            android:windowSoftInputMode="stateHidden|adjustResize" >
270-->[:FtcCommon-release:] AndroidManifest.xml:146:13-67
271        </activity>
272        <activity
272-->[:FtcCommon-release:] AndroidManifest.xml:148:9-153:20
273            android:name="com.qualcomm.ftccommon.configuration.EditDeviceInterfaceModuleActivity"
273-->[:FtcCommon-release:] AndroidManifest.xml:149:13-98
274            android:configChanges="orientation|screenSize"
274-->[:FtcCommon-release:] AndroidManifest.xml:150:13-59
275            android:label="@string/edit_core_device_interface_module_controller_activity"
275-->[:FtcCommon-release:] AndroidManifest.xml:151:13-90
276            android:windowSoftInputMode="stateHidden|adjustResize" >
276-->[:FtcCommon-release:] AndroidManifest.xml:152:13-67
277        </activity>
278        <activity
278-->[:FtcCommon-release:] AndroidManifest.xml:154:9-159:20
279            android:name="com.qualcomm.ftccommon.configuration.EditLynxModuleActivity"
279-->[:FtcCommon-release:] AndroidManifest.xml:155:13-87
280            android:configChanges="orientation|screenSize"
280-->[:FtcCommon-release:] AndroidManifest.xml:156:13-59
281            android:label="@string/edit_lynx_module_controller_activity"
281-->[:FtcCommon-release:] AndroidManifest.xml:157:13-73
282            android:windowSoftInputMode="stateHidden|adjustResize" >
282-->[:FtcCommon-release:] AndroidManifest.xml:158:13-67
283        </activity>
284        <activity
284-->[:FtcCommon-release:] AndroidManifest.xml:160:9-165:20
285            android:name="com.qualcomm.ftccommon.configuration.EditLynxUsbDeviceActivity"
285-->[:FtcCommon-release:] AndroidManifest.xml:161:13-90
286            android:configChanges="orientation|screenSize"
286-->[:FtcCommon-release:] AndroidManifest.xml:162:13-59
287            android:label="@string/edit_lynx_usb_device_activity"
287-->[:FtcCommon-release:] AndroidManifest.xml:163:13-66
288            android:windowSoftInputMode="stateHidden|adjustResize" >
288-->[:FtcCommon-release:] AndroidManifest.xml:164:13-67
289        </activity>
290        <activity
290-->[:FtcCommon-release:] AndroidManifest.xml:166:9-171:20
291            android:name="com.qualcomm.ftccommon.configuration.EditWebcamActivity"
291-->[:FtcCommon-release:] AndroidManifest.xml:167:13-83
292            android:configChanges="orientation|screenSize"
292-->[:FtcCommon-release:] AndroidManifest.xml:168:13-59
293            android:label="@string/edit_webcam_activity"
293-->[:FtcCommon-release:] AndroidManifest.xml:169:13-57
294            android:windowSoftInputMode="stateHidden|adjustResize" >
294-->[:FtcCommon-release:] AndroidManifest.xml:170:13-67
295        </activity>
296        <activity
296-->[:FtcCommon-release:] AndroidManifest.xml:172:9-177:20
297            android:name="com.qualcomm.ftccommon.configuration.EditPWMDevicesActivity"
297-->[:FtcCommon-release:] AndroidManifest.xml:173:13-87
298            android:configChanges="orientation|screenSize"
298-->[:FtcCommon-release:] AndroidManifest.xml:174:13-59
299            android:label="@string/edit_pwm_devices_activity"
299-->[:FtcCommon-release:] AndroidManifest.xml:175:13-62
300            android:windowSoftInputMode="stateHidden|adjustResize" >
300-->[:FtcCommon-release:] AndroidManifest.xml:176:13-67
301        </activity>
302        <activity
302-->[:FtcCommon-release:] AndroidManifest.xml:178:9-183:20
303            android:name="com.qualcomm.ftccommon.configuration.EditAnalogInputDevicesActivity"
303-->[:FtcCommon-release:] AndroidManifest.xml:179:13-95
304            android:configChanges="orientation|screenSize"
304-->[:FtcCommon-release:] AndroidManifest.xml:180:13-59
305            android:label="@string/edit_analog_input_devices_activity"
305-->[:FtcCommon-release:] AndroidManifest.xml:181:13-71
306            android:windowSoftInputMode="stateHidden|adjustResize" >
306-->[:FtcCommon-release:] AndroidManifest.xml:182:13-67
307        </activity>
308        <activity
308-->[:FtcCommon-release:] AndroidManifest.xml:184:9-189:20
309            android:name="com.qualcomm.ftccommon.configuration.EditDigitalDevicesActivity"
309-->[:FtcCommon-release:] AndroidManifest.xml:185:13-91